<?xml version="1.0" encoding="UTF-8"?>
<!-- Generated by org.testng.reporters.JUnitReportReporter -->
<testsuite hostname="DESKTOP-D0COEMI" failures="0" tests="1" name="com.orangehrmlive.demo.testsuite.LoginTest" time="38.959" errors="0" timestamp="2023-12-11T21:52:25 GMT" skipped="0">
  <testcase classname="com.orangehrmlive.demo.testsuite.LoginTest" name="verifyUserShouldLoginSuccessFully" time="38.959"/>
</testsuite> <!-- com.orangehrmlive.demo.testsuite.LoginTest -->
